<?xml version="1.0" encoding="UTF-8"?>
<testng-results ignored="0" total="2" passed="2" failed="0" skipped="0">
  <reporter-output>
  </reporter-output>
  <suite started-at="2026-01-10T15:30:34 GMT+04:00" name="Surefire suite" finished-at="2026-01-10T15:30:47 GMT+04:00" duration-ms="13162">
    <groups>
    </groups>
    <test started-at="2026-01-10T15:30:34 GMT+04:00" name="Surefire test" finished-at="2026-01-10T15:30:47 GMT+04:00" duration-ms="13162">
      <class name="org.example.FormTests">
        <test-method is-config="true" signature="setUp()[pri:0, instance:org.example.FormTests@4da4253]" started-at="2026-01-10T15:30:41 GMT+04:00" name="setUp" finished-at="2026-01-10T15:30:42 GMT+04:00" duration-ms="747" status="PASS">
          <reporter-output>
          </reporter-output>
        </test-method> <!-- setUp -->
        <test-method signature="fillFormAndVerifyPopup()[pri:0, instance:org.example.FormTests@4da4253]" started-at="2026-01-10T15:30:42 GMT+04:00" name="fillFormAndVerifyPopup" description="Fill practice form and verify submission modal contains entered values" finished-at="2026-01-10T15:30:47 GMT+04:00" duration-ms="5012" status="PASS">
          <reporter-output>
          </reporter-output>
        </test-method> <!-- fillFormAndVerifyPopup -->
        <test-method is-config="true" signature="tearDown()[pri:0, instance:org.example.FormTests@4da4253]" started-at="2026-01-10T15:30:47 GMT+04:00" name="tearDown" finished-at="2026-01-10T15:30:47 GMT+04:00" duration-ms="111" status="PASS">
          <reporter-output>
          </reporter-output>
        </test-method> <!-- tearDown -->
      </class> <!-- org.example.FormTests -->
      <class name="org.example.AlertTests">
        <test-method is-config="true" signature="setUp()[pri:0, instance:org.example.AlertTests@78ffe6dc]" started-at="2026-01-10T15:30:34 GMT+04:00" name="setUp" finished-at="2026-01-10T15:30:35 GMT+04:00" duration-ms="1206" status="PASS">
          <reporter-output>
          </reporter-output>
        </test-method> <!-- setUp -->
        <test-method signature="alertWithTextboxTest()[pri:0, instance:org.example.AlertTests@78ffe6dc]" started-at="2026-01-10T15:30:35 GMT+04:00" name="alertWithTextboxTest" description="Verify prompt alert accepts text input and displays it on the page" finished-at="2026-01-10T15:30:41 GMT+04:00" duration-ms="5900" status="PASS">
          <reporter-output>
          </reporter-output>
        </test-method> <!-- alertWithTextboxTest -->
        <test-method is-config="true" signature="tearDown()[pri:0, instance:org.example.AlertTests@78ffe6dc]" started-at="2026-01-10T15:30:41 GMT+04:00" name="tearDown" finished-at="2026-01-10T15:30:41 GMT+04:00" duration-ms="101" status="PASS">
          <reporter-output>
          </reporter-output>
        </test-method> <!-- tearDown -->
      </class> <!-- org.example.AlertTests -->
    </test> <!-- Surefire test -->
  </suite> <!-- Surefire suite -->
</testng-results>
